<?xml version="1.0" encoding="UTF-8"?>
<testng-results ignored="0" total="2" passed="2" failed="0" skipped="0">
  <reporter-output>
  </reporter-output>
  <suite started-at="2024-11-09T14:56:23 IST" name="Suite" finished-at="2024-11-09T14:56:38 IST" duration-ms="14809">
    <groups>
    </groups>
    <test started-at="2024-11-09T14:56:23 IST" name="Test" finished-at="2024-11-09T14:56:30 IST" duration-ms="7071">
      <class name="com.test.VerifyLoginPage">
        <test-method is-config="true" signature="browserLaunch(java.lang.String)[pri:0, instance:com.test.VerifyLoginPage@1c9b0314]" started-at="2024-11-09T14:56:23 IST" name="browserLaunch" finished-at="2024-11-09T14:56:29 IST" duration-ms="5318" status="PASS">
          <params>
            <param index="0">
              <value>
                <![CDATA[chrome]]>
              </value>
            </param>
          </params>
          <reporter-output>
          </reporter-output>
        </test-method> <!-- browserLaunch -->
        <test-method signature="verifyLoginPage()[pri:0, instance:com.test.VerifyLoginPage@1c9b0314]" started-at="2024-11-09T14:56:29 IST" name="verifyLoginPage" finished-at="2024-11-09T14:56:30 IST" duration-ms="1598" status="PASS">
          <reporter-output>
          </reporter-output>
        </test-method> <!-- verifyLoginPage -->
        <test-method is-config="true" signature="failedScreenshot(org.testng.ITestResult)[pri:0, instance:com.test.VerifyLoginPage@1c9b0314]" started-at="2024-11-09T14:56:30 IST" name="failedScreenshot" finished-at="2024-11-09T14:56:30 IST" duration-ms="125" status="PASS">
          <params>
            <param index="0">
              <value>
                <![CDATA[[TestResult name=verifyLoginPage status=SUCCESS method=VerifyLoginPage.verifyLoginPage()[pri:0, instance:com.test.VerifyLoginPage@1c9b0314] output={null}]]]>
              </value>
            </param>
          </params>
          <reporter-output>
          </reporter-output>
        </test-method> <!-- failedScreenshot -->
      </class> <!-- com.test.VerifyLoginPage -->
    </test> <!-- Test -->
    <test started-at="2024-11-09T14:56:31 IST" name="Test1" finished-at="2024-11-09T14:56:38 IST" duration-ms="7530">
      <class name="com.test.VerifyLoginPage">
        <test-method is-config="true" signature="browserLaunch(java.lang.String)[pri:0, instance:com.test.VerifyLoginPage@3214ee6]" started-at="2024-11-09T14:56:31 IST" name="browserLaunch" finished-at="2024-11-09T14:56:37 IST" duration-ms="6445" status="PASS">
          <params>
            <param index="0">
              <value>
                <![CDATA[firefox]]>
              </value>
            </param>
          </params>
          <reporter-output>
          </reporter-output>
        </test-method> <!-- browserLaunch -->
        <test-method signature="verifyLoginPage()[pri:0, instance:com.test.VerifyLoginPage@3214ee6]" started-at="2024-11-09T14:56:37 IST" name="verifyLoginPage" finished-at="2024-11-09T14:56:38 IST" duration-ms="1020" status="PASS">
          <reporter-output>
          </reporter-output>
        </test-method> <!-- verifyLoginPage -->
        <test-method is-config="true" signature="failedScreenshot(org.testng.ITestResult)[pri:0, instance:com.test.VerifyLoginPage@3214ee6]" started-at="2024-11-09T14:56:38 IST" name="failedScreenshot" finished-at="2024-11-09T14:56:38 IST" duration-ms="56" status="PASS">
          <params>
            <param index="0">
              <value>
                <![CDATA[[TestResult name=verifyLoginPage status=SUCCESS method=VerifyLoginPage.verifyLoginPage()[pri:0, instance:com.test.VerifyLoginPage@3214ee6] output={null}]]]>
              </value>
            </param>
          </params>
          <reporter-output>
          </reporter-output>
        </test-method> <!-- failedScreenshot -->
      </class> <!-- com.test.VerifyLoginPage -->
    </test> <!-- Test1 -->
  </suite> <!-- Suite -->
</testng-results>
