<?xml version="1.0" encoding="UTF-8"?>
<testng-results ignored="0" total="2" passed="2" failed="0" skipped="0">
  <reporter-output>
  </reporter-output>
  <suite started-at="2024-07-20T19:37:43 IST" name="Suite" finished-at="2024-07-20T19:38:04 IST" duration-ms="20638">
    <groups>
    </groups>
    <test started-at="2024-07-20T19:37:43 IST" name="Test" finished-at="2024-07-20T19:37:52 IST" duration-ms="9189">
      <class name="com.test.VerifyLoginPage">
        <test-method is-config="true" signature="browserLaunch(java.lang.String)[pri:0, instance:com.test.VerifyLoginPage@1c9b0314]" started-at="2024-07-20T19:37:43 IST" name="browserLaunch" finished-at="2024-07-20T19:37:49 IST" duration-ms="6267" status="PASS">
          <params>
            <param index="0">
              <value>
                <![CDATA[chrome]]>
              </value>
            </param>
          </params>
          <reporter-output>
          </reporter-output>
        </test-method> <!-- browserLaunch -->
        <test-method signature="verifyLoginPage()[pri:0, instance:com.test.VerifyLoginPage@1c9b0314]" started-at="2024-07-20T19:37:49 IST" name="verifyLoginPage" finished-at="2024-07-20T19:37:52 IST" duration-ms="2696" status="PASS">
          <reporter-output>
          </reporter-output>
        </test-method> <!-- verifyLoginPage -->
        <test-method is-config="true" signature="failedScreenshot(org.testng.ITestResult)[pri:0, instance:com.test.VerifyLoginPage@1c9b0314]" started-at="2024-07-20T19:37:52 IST" name="failedScreenshot" finished-at="2024-07-20T19:37:52 IST" duration-ms="163" status="PASS">
          <params>
            <param index="0">
              <value>
                <![CDATA[[TestResult name=verifyLoginPage status=SUCCESS method=VerifyLoginPage.verifyLoginPage()[pri:0, instance:com.test.VerifyLoginPage@1c9b0314] output={null}]]]>
              </value>
            </param>
          </params>
          <reporter-output>
          </reporter-output>
        </test-method> <!-- failedScreenshot -->
      </class> <!-- com.test.VerifyLoginPage -->
    </test> <!-- Test -->
    <test started-at="2024-07-20T19:37:53 IST" name="Test1" finished-at="2024-07-20T19:38:04 IST" duration-ms="10987">
      <class name="com.test.VerifyLoginPage">
        <test-method is-config="true" signature="browserLaunch(java.lang.String)[pri:0, instance:com.test.VerifyLoginPage@3214ee6]" started-at="2024-07-20T19:37:53 IST" name="browserLaunch" finished-at="2024-07-20T19:38:02 IST" duration-ms="9283" status="PASS">
          <params>
            <param index="0">
              <value>
                <![CDATA[firefox]]>
              </value>
            </param>
          </params>
          <reporter-output>
          </reporter-output>
        </test-method> <!-- browserLaunch -->
        <test-method signature="verifyLoginPage()[pri:0, instance:com.test.VerifyLoginPage@3214ee6]" started-at="2024-07-20T19:38:02 IST" name="verifyLoginPage" finished-at="2024-07-20T19:38:03 IST" duration-ms="1625" status="PASS">
          <reporter-output>
          </reporter-output>
        </test-method> <!-- verifyLoginPage -->
        <test-method is-config="true" signature="failedScreenshot(org.testng.ITestResult)[pri:0, instance:com.test.VerifyLoginPage@3214ee6]" started-at="2024-07-20T19:38:03 IST" name="failedScreenshot" finished-at="2024-07-20T19:38:04 IST" duration-ms="75" status="PASS">
          <params>
            <param index="0">
              <value>
                <![CDATA[[TestResult name=verifyLoginPage status=SUCCESS method=VerifyLoginPage.verifyLoginPage()[pri:0, instance:com.test.VerifyLoginPage@3214ee6] output={null}]]]>
              </value>
            </param>
          </params>
          <reporter-output>
          </reporter-output>
        </test-method> <!-- failedScreenshot -->
      </class> <!-- com.test.VerifyLoginPage -->
    </test> <!-- Test1 -->
  </suite> <!-- Suite -->
</testng-results>
